<?xml version="1.0" encoding="UTF-8"?>
<!-- Generated by org.testng.reporters.JUnitXMLReporter -->
<testsuite ignored="0" hostname="DESKTOP-5JFS7KH" failures="0" tests="4" name="Default test" time="6.968" errors="0" timestamp="2022-08-23T23:50:04 WIB">
  <testcase classname="com.PostTest.API.TestGet" name="testCategory" time="2.955"/>
  <testcase classname="com.PostTest.API.TestGet" name="testName" time="1.346"/>
  <testcase classname="com.PostTest.API.TestGet" name="testPrice" time="1.295"/>
  <testcase classname="com.PostTest.API.TestGet" name="testStatusCode" time="1.339"/>
</testsuite> <!-- Default test -->
