<?xml version="1.0" encoding="UTF-8"?>
<testng-results ignored="0" total="4" passed="4" failed="0" skipped="0">
  <reporter-output>
  </reporter-output>
  <suite started-at="2022-08-23T23:49:57 WIB" name="Default suite" finished-at="2022-08-23T23:50:04 WIB" duration-ms="6968">
    <groups>
    </groups>
    <test started-at="2022-08-23T23:49:57 WIB" name="Default test" finished-at="2022-08-23T23:50:04 WIB" duration-ms="6968">
      <class name="com.PostTest.API.TestGet">
        <test-method signature="testCategory()[pri:0, instance:com.PostTest.API.TestGet@20d28811]" started-at="2022-08-23T23:49:57 WIB" name="testCategory" finished-at="2022-08-23T23:50:00 WIB" duration-ms="2955" status="PASS">
          <reporter-output>
          </reporter-output>
        </test-method> <!-- testCategory -->
        <test-method signature="testName()[pri:0, instance:com.PostTest.API.TestGet@20d28811]" started-at="2022-08-23T23:50:00 WIB" name="testName" finished-at="2022-08-23T23:50:01 WIB" duration-ms="1346" status="PASS">
          <reporter-output>
          </reporter-output>
        </test-method> <!-- testName -->
        <test-method signature="testPrice()[pri:0, instance:com.PostTest.API.TestGet@20d28811]" started-at="2022-08-23T23:50:01 WIB" name="testPrice" finished-at="2022-08-23T23:50:02 WIB" duration-ms="1295" status="PASS">
          <reporter-output>
          </reporter-output>
        </test-method> <!-- testPrice -->
        <test-method signature="testStatusCode()[pri:0, instance:com.PostTest.API.TestGet@20d28811]" started-at="2022-08-23T23:50:02 WIB" name="testStatusCode" finished-at="2022-08-23T23:50:04 WIB" duration-ms="1339" status="PASS">
          <reporter-output>
          </reporter-output>
        </test-method> <!-- testStatusCode -->
      </class> <!-- com.PostTest.API.TestGet -->
    </test> <!-- Default test -->
  </suite> <!-- Default suite -->
</testng-results>
